<?xml version="1.0" encoding="UTF-8"?>
<Site BuildName="(empty)"
	BuildStamp="20251227-2105-Experimental"
	Name="(empty)"
	Generator="ctest-3.28.3"
	CompilerName=""
	CompilerVersion=""
	OSName="Linux"
	Hostname="charlie-ThinkPad-P16-Gen-1"
	OSRelease="6.14.0-36-generic"
	OSVersion="#36~24.04.1-Ubuntu SMP PREEMPT_DYNAMIC Wed Oct 15 15:45:17 UTC 2"
	OSPlatform="x86_64"
	Is64Bits="1"
	VendorString="GenuineIntel"
	VendorID="Intel Corporation"
	FamilyID="6"
	ModelID="151"
	ProcessorCacheSize="30720"
	NumberOfLogicalCPU="24"
	NumberOfPhysicalCPU="16"
	TotalVirtualMemory="8191"
	TotalPhysicalMemory="128508"
	LogicalProcessorsPerPhysical="1"
	ProcessorClockFrequency="799.729"
	>
	<Testing>
		<StartDateTime>Dec 27 22:16 GMT</StartDateTime>
		<StartTestTime>1766873776</StartTestTime>
		<TestList/>
		<EndDateTime>Dec 27 22:16 GMT</EndDateTime>
		<EndTestTime>1766873776</EndTestTime>
		<ElapsedMinutes>0</ElapsedMinutes>
	</Testing>
</Site>
